# JRE version: OpenJDK Runtime Environment (18.0.2.1+1) (build 18.0.2.1+1-1)
# Java VM: OpenJDK 64-Bit Server VM (18.0.2.1+1-1, mixed mode, sharing, tiered, compressed oops, compressed class ptrs, g1 gc, windows-amd64)
GC Precious Log:
 CardTable entry size: 512
 Card Set container configuration: InlinePtr #cards 4 size 8 Array Of Cards #cards 16 size 48 Howl #buckets 8 coarsen threshold 3686 Howl Bitmap #cards 512 size 80 coarsen threshold 460 Card regions per heap region 1 cards per card region 4096
 CPUs: 8 total, 8 available
 Memory: 16034M
 Large Page Support: Disabled
 NUMA Support: Disabled
 Compressed Oops: Enabled (Zero based)
 Heap Region Size: 2M
 Heap Min Capacity: 8M
 Heap Initial Capacity: 252M
 Heap Max Capacity: 4010M
 Pre-touch: Disabled
 Parallel Workers: 8
 Concurrent Workers: 2
 Concurrent Refinement Workers: 8
 Periodic GC: Disabled
Heap:
 garbage-first heap   total 55296K, used 22525K [0x0000000705600000, 0x0000000800000000)
  region size 2048K, 1 young (2048K), 1 survivors (2048K)
 Metaspace       used 39424K, committed 39936K, reserved 1114112K
  class space    used 4970K, committed 5184K, reserved 1048576K
GC Heap History (17 events):
Event: 0.680 GC heap before
{Heap before GC invocations=0 (full 0):
 garbage-first heap   total 258048K, used 20480K [0x0000000705600000, 0x0000000800000000)
  region size 2048K, 11 young (22528K), 0 survivors (0K)
 Metaspace       used 5341K, committed 5440K, reserved 1114112K
  class space    used 581K, committed 640K, reserved 1048576K
}
Event: 0.686 GC heap after
{Heap after GC invocations=1 (full 0):
 garbage-first heap   total 258048K, used 6802K [0x0000000705600000, 0x0000000800000000)
  region size 2048K, 2 young (4096K), 2 survivors (4096K)
 Metaspace       used 5341K, committed 5440K, reserved 1114112K
  class space    used 581K, committed 640K, reserved 1048576K
}
Event: 1.246 GC heap before
{Heap before GC invocations=1 (full 0):
 garbage-first heap   total 258048K, used 27282K [0x0000000705600000, 0x0000000800000000)
  region size 2048K, 13 young (26624K), 2 survivors (4096K)
 Metaspace       used 11407K, committed 11648K, reserved 1114112K
  class space    used 1335K, committed 1472K, reserved 1048576K
}
Event: 1.251 GC heap after
{Heap after GC invocations=2 (full 0):
 garbage-first heap   total 258048K, used 8874K [0x0000000705600000, 0x0000000800000000)
  region size 2048K, 2 young (4096K), 2 survivors (4096K)
 Metaspace       used 11407K, committed 11648K, reserved 1114112K
  class space    used 1335K, committed 1472K, reserved 1048576K
}
Event: 2.458 GC heap before
{Heap before GC invocations=2 (full 0):
 garbage-first heap   total 258048K, used 66218K [0x0000000705600000, 0x0000000800000000)
  region size 2048K, 31 young (63488K), 2 survivors (4096K)
 Metaspace       used 21188K, committed 21504K, reserved 1114112K
  class space    used 2529K, committed 2688K, reserved 1048576K
}
Event: 2.464 GC heap after
{Heap after GC invocations=3 (full 0):
 garbage-first heap   total 258048K, used 12562K [0x0000000705600000, 0x0000000800000000)
  region size 2048K, 3 young (6144K), 3 survivors (6144K)
 Metaspace       used 21188K, committed 21504K, reserved 1114112K
  class space    used 2529K, committed 2688K, reserved 1048576K
}
Event: 3.033 GC heap before
{Heap before GC invocations=4 (full 0):
 garbage-first heap   total 55296K, used 37138K [0x0000000705600000, 0x0000000800000000)
  region size 2048K, 16 young (32768K), 3 survivors (6144K)
 Metaspace       used 25169K, committed 25536K, reserved 1114112K
  class space    used 3023K, committed 3200K, reserved 1048576K
}
Event: 3.040 GC heap after
{Heap after GC invocations=5 (full 0):
 garbage-first heap   total 55296K, used 14775K [0x0000000705600000, 0x0000000800000000)
  region size 2048K, 2 young (4096K), 2 survivors (4096K)
 Metaspace       used 25169K, committed 25536K, reserved 1114112K
  class space    used 3023K, committed 3200K, reserved 1048576K
}
Event: 3.089 GC heap before
{Heap before GC invocations=5 (full 0):
 garbage-first heap   total 55296K, used 16823K [0x0000000705600000, 0x0000000800000000)
  region size 2048K, 3 young (6144K), 2 survivors (4096K)
 Metaspace       used 25613K, committed 25984K, reserved 1114112K
  class space    used 3079K, committed 3264K, reserved 1048576K
}
Event: 3.094 GC heap after
{Heap after GC invocations=6 (full 0):
 garbage-first heap   total 55296K, used 15171K [0x0000000705600000, 0x0000000800000000)
  region size 2048K, 1 young (2048K), 1 survivors (2048K)
 Metaspace       used 25613K, committed 25984K, reserved 1114112K
  class space    used 3079K, committed 3264K, reserved 1048576K
}
Event: 3.522 GC heap before
{Heap before GC invocations=6 (full 0):
 garbage-first heap   total 55296K, used 33603K [0x0000000705600000, 0x0000000800000000)
  region size 2048K, 10 young (20480K), 1 survivors (2048K)
 Metaspace       used 29035K, committed 29376K, reserved 1114112K
  class space    used 3620K, committed 3776K, reserved 1048576K
}
Event: 3.525 GC heap after
{Heap after GC invocations=7 (full 0):
 garbage-first heap   total 55296K, used 16703K [0x0000000705600000, 0x0000000800000000)
  region size 2048K, 2 young (4096K), 2 survivors (4096K)
 Metaspace       used 29035K, committed 29376K, reserved 1114112K
  class space    used 3620K, committed 3776K, reserved 1048576K
}
Event: 4.144 GC heap before
{Heap before GC invocations=7 (full 0):
 garbage-first heap   total 55296K, used 35135K [0x0000000705600000, 0x0000000800000000)
  region size 2048K, 11 young (22528K), 2 survivors (4096K)
 Metaspace       used 31519K, committed 31936K, reserved 1114112K
  class space    used 3942K, committed 4160K, reserved 1048576K
}
Event: 4.148 GC heap after
{Heap after GC invocations=8 (full 0):
 garbage-first heap   total 55296K, used 18127K [0x0000000705600000, 0x0000000800000000)
  region size 2048K, 2 young (4096K), 2 survivors (4096K)
 Metaspace       used 31519K, committed 31936K, reserved 1114112K
  class space    used 3942K, committed 4160K, reserved 1048576K
}
Event: 4.528 GC heap before
{Heap before GC invocations=8 (full 0):
 garbage-first heap   total 55296K, used 32463K [0x0000000705600000, 0x0000000800000000)
  region size 2048K, 10 young (20480K), 2 survivors (4096K)
 Metaspace       used 35670K, committed 36096K, reserved 1114112K
  class space    used 4452K, committed 4672K, reserved 1048576K
}
Event: 4.533 GC heap after
{Heap after GC invocations=9 (full 0):
 garbage-first heap   total 55296K, used 20769K [0x0000000705600000, 0x0000000800000000)
  region size 2048K, 2 young (4096K), 2 survivors (4096K)
 Metaspace       used 35670K, committed 36096K, reserved 1114112K
  class space    used 4452K, committed 4672K, reserved 1048576K
}
Event: 34.832 GC heap before
{Heap before GC invocations=10 (full 0):
 garbage-first heap   total 55296K, used 37153K [0x0000000705600000, 0x0000000800000000)
  region size 2048K, 10 young (20480K), 2 survivors (4096K)
 Metaspace       used 39424K, committed 39936K, reserved 1114112K
  class space    used 4970K, committed 5184K, reserved 1048576K
}

